<?xml version="1.0" encoding="UTF-8" standalone="no"?>
<!DOCTYPE log SYSTEM "logger.dtd">
<log>
<record>
  <date>2025-09-09T13:54:33.242-0300</date>
  <logger>BIANKA VITORIA SILVA LIMA</logger>
  <level>FINE</level>
  <message>File 124110621-BIANKA VITORIA SILVA LIMA.zip was received. It was sent by BIANKA VITORIA SILVA LIMA from IP 150.165.74.118 at 09-09-2025 13*54*33</message>
</record>
</log>
<?xml version="1.0" encoding="UTF-8" standalone="no"?>
<!DOCTYPE log SYSTEM "logger.dtd">
<log>
<record>
  <date>2025-09-10T03:19:19.292-0300</date>
  <logger>BIANKA VITORIA SILVA LIMA</logger>
  <level>FINE</level>
  <message>File 124110621-BIANKA VITORIA SILVA LIMA.zip was received. It was sent by BIANKA VITORIA SILVA LIMA from IP 192.168.18.135 at 10-09-2025 03*19*19</message>
</record>
</log>
<?xml version="1.0" encoding="UTF-8" standalone="no"?>
<!DOCTYPE log SYSTEM "logger.dtd">
<log>
<record>
  <date>2025-09-10T04:48:34.195-0300</date>
  <logger>BIANKA VITORIA SILVA LIMA</logger>
  <level>FINE</level>
  <message>File 124110621-BIANKA VITORIA SILVA LIMA.zip was received. It was sent by BIANKA VITORIA SILVA LIMA from IP 192.168.18.135 at 10-09-2025 04*48*34</message>
</record>
